<?xml version="1.0" encoding="UTF-8"?>
<!-- Generated by org.testng.reporters.JUnitReportReporter -->
<testsuite hostname="LAPTOP-4PIP6EC5" failures="0" tests="3" name="com.qa.tcase.tc_FacebookSignUp" time="13.553" errors="0" timestamp="18 Sep 2021 05:48:24 GMT" skipped="0">
  <testcase classname="com.qa.tcase.tc_FacebookSignUp" name="verifyPageTitle" time="3.545"/>
  <testcase classname="com.qa.tcase.tc_FacebookSignUp" name="filleSignUpForm" time="5.247"/>
  <testcase classname="com.qa.tcase.tc_FacebookSignUp" name="filleSignUpForm" time="4.761"/>
</testsuite> <!-- com.qa.tcase.tc_FacebookSignUp -->
