<?xml version="1.0" encoding="UTF-8"?>
<!-- Generated by org.testng.reporters.JUnitReportReporter -->
<testsuite hostname="LAPTOP-4PIP6EC5" failures="0" tests="2" name="com.qa.tcase.GoogleSearchTest" time="6.964" errors="0" timestamp="18 Sep 2021 05:48:24 GMT" skipped="0">
  <testcase classname="com.qa.tcase.GoogleSearchTest" name="verifyGoogleSearch" time="3.265"/>
  <testcase classname="com.qa.tcase.GoogleSearchTest" name="verifyGoogleSearchType" time="3.699"/>
</testsuite> <!-- com.qa.tcase.GoogleSearchTest -->
