<?xml version="1.0" encoding="UTF-8"?>
<!-- Generated by org.testng.reporters.JUnitReportReporter -->
<testsuite hostname="LAPTOP-4PIP6EC5" failures="0" tests="1" name="com.qa.testCases.tc_GoogleSearch" time="2.072" errors="0" timestamp="27 Aug 2021 06:57:46 GMT">
  <testcase classname="com.qa.testCases.tc_GoogleSearch" name="tc1" time="2.072"/>
</testsuite> <!-- com.qa.testCases.tc_GoogleSearch -->
